0 info it worked if it ends with ok
1 verbose cli [ '/usr/local/Cellar/node/7.7.4/bin/node',
1 verbose cli   '/usr/local/bin/npm',
1 verbose cli   'start' ]
2 info using npm@4.1.2
3 info using node@v7.7.4
4 verbose run-script [ 'prestart', 'start', 'poststart' ]
5 info lifecycle frameware-io-website@1.0.0~prestart: frameware-io-website@1.0.0
6 silly lifecycle frameware-io-website@1.0.0~prestart: no script for prestart, continuing
7 info lifecycle frameware-io-website@1.0.0~start: frameware-io-website@1.0.0
8 verbose lifecycle frameware-io-website@1.0.0~start: unsafe-perm in lifecycle true
9 verbose lifecycle frameware-io-website@1.0.0~start: PATH: /usr/local/lib/node_modules/npm/bin/node-gyp-bin:/Users/ibrahimabdulkadir/FrameWare-IO-Website/node_modules/.bin:/Library/Frameworks/Python.framework/Versions/2.7/bin:/usr/local/bin:/usr/bin:/bin:/usr/sbin:/sbin:/Library/Frameworks/Mono.framework/Versions/Current/Commands:/Users/ibrahimabdulkadir/Library/Android/sdk/tools:/Users/ibrahimabdulkadir/Library/Android/sdk/platform-tools:/Users/ibrahimabdulkadir/Library/Android/sdk/android-ndk-r13b
10 verbose lifecycle frameware-io-website@1.0.0~start: CWD: /Users/ibrahimabdulkadir/FrameWare-IO-Website
11 silly lifecycle frameware-io-website@1.0.0~start: Args: [ '-c',
11 silly lifecycle   'webpack-dev-server --config webpack-dev-server.config.js --progress --inline --colors' ]
12 silly lifecycle frameware-io-website@1.0.0~start: Returned: code: 1  signal: null
13 info lifecycle frameware-io-website@1.0.0~start: Failed to exec start script
14 verbose stack Error: frameware-io-website@1.0.0 start: `webpack-dev-server --config webpack-dev-server.config.js --progress --inline --colors`
14 verbose stack Exit status 1
14 verbose stack     at EventEmitter.<anonymous> (/usr/local/lib/node_modules/npm/lib/utils/lifecycle.js:279:16)
14 verbose stack     at emitTwo (events.js:106:13)
14 verbose stack     at EventEmitter.emit (events.js:194:7)
14 verbose stack     at ChildProcess.<anonymous> (/usr/local/lib/node_modules/npm/lib/utils/spawn.js:40:14)
14 verbose stack     at emitTwo (events.js:106:13)
14 verbose stack     at ChildProcess.emit (events.js:194:7)
14 verbose stack     at maybeClose (internal/child_process.js:899:16)
14 verbose stack     at Process.ChildProcess._handle.onexit (internal/child_process.js:226:5)
15 verbose pkgid frameware-io-website@1.0.0
16 verbose cwd /Users/ibrahimabdulkadir/FrameWare-IO-Website
17 error Darwin 16.4.0
18 error argv "/usr/local/Cellar/node/7.7.4/bin/node" "/usr/local/bin/npm" "start"
19 error node v7.7.4
20 error npm  v4.1.2
21 error code ELIFECYCLE
22 error frameware-io-website@1.0.0 start: `webpack-dev-server --config webpack-dev-server.config.js --progress --inline --colors`
22 error Exit status 1
23 error Failed at the frameware-io-website@1.0.0 start script 'webpack-dev-server --config webpack-dev-server.config.js --progress --inline --colors'.
23 error Make sure you have the latest version of node.js and npm installed.
23 error If you do, this is most likely a problem with the frameware-io-website package,
23 error not with npm itself.
23 error Tell the author that this fails on your system:
23 error     webpack-dev-server --config webpack-dev-server.config.js --progress --inline --colors
23 error You can get information on how to open an issue for this project with:
23 error     npm bugs frameware-io-website
23 error Or if that isn't available, you can get their info via:
23 error     npm owner ls frameware-io-website
23 error There is likely additional logging output above.
24 verbose exit [ 1, true ]
